
Collecting usage statistics. To deactivate, set browser.gatherUsageStats to false.


  You can now view your Streamlit app in your browser.

  Local URL: http://localhost:8501
  Network URL: http://10.0.0.4:8501
  External URL: http://40.119.178.117:8501

  Stopping...

Collecting usage statistics. To deactivate, set browser.gatherUsageStats to false.


  You can now view your Streamlit app in your browser.

  Local URL: http://localhost:8501
  Network URL: http://10.0.0.4:8501
  External URL: http://40.119.178.117:8501

  Stopping...

Collecting usage statistics. To deactivate, set browser.gatherUsageStats to false.


  You can now view your Streamlit app in your browser.

  Local URL: http://localhost:8501
  Network URL: http://10.0.0.4:8501
  External URL: http://40.119.178.117:8501

  Stopping...

Collecting usage statistics. To deactivate, set browser.gatherUsageStats to false.


  You can now view your Streamlit app in your browser.

  Local URL: http://localhost:8501
  Network URL: http://10.0.0.4:8501
  External URL: http://40.119.178.117:8501

  Stopping...

Collecting usage statistics. To deactivate, set browser.gatherUsageStats to false.


  You can now view your Streamlit app in your browser.

  Local URL: http://localhost:8501
  Network URL: http://10.0.0.4:8501
  External URL: http://40.119.178.117:8501

  Stopping...

Collecting usage statistics. To deactivate, set browser.gatherUsageStats to false.


  You can now view your Streamlit app in your browser.

  Local URL: http://localhost:8501
  Network URL: http://10.0.0.4:8501
  External URL: http://40.119.178.117:8501

Failed to retrieve data. Status code: 500
Failed to retrieve data. Status code: 500
  Stopping...

Collecting usage statistics. To deactivate, set browser.gatherUsageStats to false.


  You can now view your Streamlit app in your browser.

  Local URL: http://localhost:8501
  Network URL: http://10.0.0.4:8501
  External URL: http://40.119.178.117:8501

Failed to retrieve data. Status code: 500
Failed to retrieve data. Status code: 500
Failed to retrieve data. Status code: 500
Failed to save data. Status code: 500
Failed to retrieve data. Status code: 500
Failed to save data. Status code: 500
  Stopping...

Collecting usage statistics. To deactivate, set browser.gatherUsageStats to false.


  You can now view your Streamlit app in your browser.

  Local URL: http://localhost:8501
  Network URL: http://10.0.0.4:8501
  External URL: http://40.119.178.117:8501

  Stopping...

Collecting usage statistics. To deactivate, set browser.gatherUsageStats to false.


  You can now view your Streamlit app in your browser.

  Local URL: http://localhost:8501
  Network URL: http://10.0.0.4:8501
  External URL: http://40.119.178.117:8501

  Stopping...

Collecting usage statistics. To deactivate, set browser.gatherUsageStats to false.


  You can now view your Streamlit app in your browser.

  Local URL: http://localhost:8501
  Network URL: http://10.0.0.4:8501
  External URL: http://40.119.178.117:8501

  Stopping...

Collecting usage statistics. To deactivate, set browser.gatherUsageStats to false.


  You can now view your Streamlit app in your browser.

  Local URL: http://localhost:8501
  Network URL: http://10.0.0.4:8501
  External URL: http://40.119.178.117:8501

  Stopping...

Collecting usage statistics. To deactivate, set browser.gatherUsageStats to false.


  You can now view your Streamlit app in your browser.

  Local URL: http://localhost:8501
  Network URL: http://10.0.0.4:8501
  External URL: http://40.119.178.117:8501

  Stopping...

Collecting usage statistics. To deactivate, set browser.gatherUsageStats to false.


  You can now view your Streamlit app in your browser.

  Local URL: http://localhost:8501
  Network URL: http://10.0.0.4:8501
  External URL: http://40.119.178.117:8501

  Stopping...

Collecting usage statistics. To deactivate, set browser.gatherUsageStats to false.


  You can now view your Streamlit app in your browser.

  Local URL: http://localhost:8501
  Network URL: http://10.0.0.4:8501
  External URL: http://40.119.178.117:8501

Failed to retrieve data. Status code: 404
  Stopping...

Collecting usage statistics. To deactivate, set browser.gatherUsageStats to false.


  You can now view your Streamlit app in your browser.

  Local URL: http://localhost:8501
  Network URL: http://10.0.0.4:8501
  External URL: http://40.119.178.117:8501

  Stopping...

Collecting usage statistics. To deactivate, set browser.gatherUsageStats to false.


  You can now view your Streamlit app in your browser.

  Local URL: http://localhost:8501
  Network URL: http://10.0.0.4:8501
  External URL: http://40.119.178.117:8501

Failed to retrieve data. Status code: 404
  Stopping...

Collecting usage statistics. To deactivate, set browser.gatherUsageStats to false.


  You can now view your Streamlit app in your browser.

  Local URL: http://localhost:8501
  Network URL: http://10.0.0.4:8501
  External URL: http://40.119.178.117:8501

  Stopping...

Collecting usage statistics. To deactivate, set browser.gatherUsageStats to false.


  You can now view your Streamlit app in your browser.

  Local URL: http://localhost:8501
  Network URL: http://10.0.0.4:8501
  External URL: http://40.119.178.117:8501

Failed to retrieve data. Status code: 404
Failed to retrieve data. Status code: 404
  Stopping...

Collecting usage statistics. To deactivate, set browser.gatherUsageStats to false.


  You can now view your Streamlit app in your browser.

  Local URL: http://localhost:8501
  Network URL: http://10.0.0.4:8501
  External URL: http://40.119.178.117:8501

Failed to retrieve data. Status code: 404
  Stopping...

Collecting usage statistics. To deactivate, set browser.gatherUsageStats to false.


  You can now view your Streamlit app in your browser.

  Local URL: http://localhost:8501
  Network URL: http://10.0.0.4:8501
  External URL: http://40.119.178.117:8501

Failed to retrieve data. Status code: 404
  Stopping...

Collecting usage statistics. To deactivate, set browser.gatherUsageStats to false.


  You can now view your Streamlit app in your browser.

  Local URL: http://localhost:8501
  Network URL: http://10.0.0.4:8501
  External URL: http://40.119.178.117:8501

Failed to retrieve data. Status code: 404
Failed to retrieve data. Status code: 404
Failed to retrieve data. Status code: 404
Failed to save data. Status code: 404
Failed to retrieve data. Status code: 404
Failed to save data. Status code: 404
Failed to retrieve data. Status code: 404
Failed to retrieve data. Status code: 404
Failed to retrieve data. Status code: 404
Failed to save data. Status code: 404
Failed to retrieve data. Status code: 404
Failed to save data. Status code: 404
  Stopping...

Collecting usage statistics. To deactivate, set browser.gatherUsageStats to false.


  You can now view your Streamlit app in your browser.

  Local URL: http://localhost:8501
  Network URL: http://10.0.0.4:8501
  External URL: http://40.119.178.117:8501

Failed to retrieve data. Status code: 404
Failed to retrieve data. Status code: 404
Failed to retrieve data. Status code: 404
Failed to retrieve data. Status code: 404
Failed to retrieve data. Status code: 404
Failed to retrieve data. Status code: 404
Failed to retrieve data. Status code: 404
Failed to save data. Status code: 404
Failed to retrieve data. Status code: 404
Failed to retrieve data. Status code: 404
Failed to retrieve data. Status code: 404
Failed to retrieve data. Status code: 404
Failed to retrieve data. Status code: 404
Failed to retrieve data. Status code: 404
Failed to retrieve data. Status code: 404
Failed to retrieve data. Status code: 404
Failed to retrieve data. Status code: 404
  Stopping...

Collecting usage statistics. To deactivate, set browser.gatherUsageStats to false.


  You can now view your Streamlit app in your browser.

  Local URL: http://localhost:8501
  Network URL: http://10.0.0.4:8501
  External URL: http://40.119.178.117:8501

  Stopping...

Collecting usage statistics. To deactivate, set browser.gatherUsageStats to false.


  You can now view your Streamlit app in your browser.

  Local URL: http://localhost:8501
  Network URL: http://10.0.0.4:8501
  External URL: http://40.119.178.117:8501

Failed to retrieve data. Status code: 404
Failed to retrieve data. Status code: 404
Failed to retrieve data. Status code: 404
Failed to retrieve data. Status code: 404
Failed to retrieve data. Status code: 404
Failed to retrieve data. Status code: 404
Failed to retrieve data. Status code: 404
Failed to retrieve data. Status code: 404
Failed to retrieve data. Status code: 404
Failed to retrieve data. Status code: 404
  Stopping...

Collecting usage statistics. To deactivate, set browser.gatherUsageStats to false.


  You can now view your Streamlit app in your browser.

  Local URL: http://localhost:8501
  Network URL: http://10.0.0.4:8501
  External URL: http://40.119.178.117:8501

Failed to retrieve data. Status code: 404
Failed to retrieve data. Status code: 404
  Stopping...

Collecting usage statistics. To deactivate, set browser.gatherUsageStats to false.


  You can now view your Streamlit app in your browser.

  Local URL: http://localhost:8501
  Network URL: http://10.0.0.4:8501
  External URL: http://40.119.178.117:8501

  Stopping...

Collecting usage statistics. To deactivate, set browser.gatherUsageStats to false.


  You can now view your Streamlit app in your browser.

  Local URL: http://localhost:8501
  Network URL: http://10.0.0.4:8501
  External URL: http://40.119.178.117:8501

  Stopping...

Collecting usage statistics. To deactivate, set browser.gatherUsageStats to false.


  You can now view your Streamlit app in your browser.

  Local URL: http://localhost:8501
  Network URL: http://10.0.0.4:8501
  External URL: http://40.119.178.117:8501

  Stopping...

Collecting usage statistics. To deactivate, set browser.gatherUsageStats to false.


  You can now view your Streamlit app in your browser.

  Local URL: http://localhost:8501
  Network URL: http://10.0.0.4:8501
  External URL: http://40.119.178.117:8501

  Stopping...

Collecting usage statistics. To deactivate, set browser.gatherUsageStats to false.


  You can now view your Streamlit app in your browser.

  Local URL: http://localhost:8501
  Network URL: http://10.0.0.4:8501
  External URL: http://40.119.178.117:8501

  Stopping...

Collecting usage statistics. To deactivate, set browser.gatherUsageStats to false.


  You can now view your Streamlit app in your browser.

  Local URL: http://localhost:8501
  Network URL: http://10.0.0.4:8501
  External URL: http://40.119.178.117:8501

